<?xml version="1.0" encoding="UTF-8"?>
<!-- Generated by org.testng.reporters.JUnitXMLReporter -->
<testsuite ignored="0" hostname="LAPTOP-V1EP264I" failures="0" tests="7" name="Default test" time="76.89" errors="0" timestamp="2023-09-10T22:37:27 IST">
  <testcase classname="test.ProductsPageTest" name="verifyDisplayOfProduct" time="0.506"/>
  <testcase classname="test.ProductsPageTest" name="verifyProductNameLink" time="0.32"/>
  <testcase classname="test.ProductsPageTest" name="verifyProductImageLink" time="0.321"/>
  <testcase classname="test.ProductsPageTest" name="verifyFilterByNameAtoZ" time="0.674"/>
  <testcase classname="test.ProductsPageTest" name="verifyFilterByNameZtoA" time="1.337"/>
  <testcase classname="test.ProductsPageTest" name="verifyFilterByPriceLowToHigh" time="2.495"/>
  <testcase classname="test.ProductsPageTest" name="verifyFilterByNamePriceHighToLow" time="1.462"/>
</testsuite> <!-- Default test -->
