<?xml version="1.0" encoding="UTF-8"?>
<!-- Generated by org.testng.reporters.JUnitXMLReporter -->
<testsuite ignored="0" hostname="LAPTOP-V1EP264I" failures="7" tests="18" name="Test" time="119.499" errors="0" timestamp="2023-09-10T11:40:58 IST">
  <testcase classname="test.SwaglabsLoginTest" name="loginStandardUserWithValidCredentials" time="0.574"/>
  <testcase classname="test.SwaglabsLoginTest" name="loginStandardUserWithValidUsernameAndInvalidPassword" time="0.245"/>
  <testcase classname="test.SwaglabsLoginTest" name="loginStandardUserWithInvalidUsernameAndValidPassword" time="0.243"/>
  <testcase classname="test.SwaglabsLoginTest" name="loginOfLockedOutUserWithValidCredentials" time="0.242"/>
  <testcase classname="test.SwaglabsLoginTest" name="loginLockedOutUserWithValidUsernameAndInvalidPassword" time="0.278"/>
  <testcase classname="test.SwaglabsLoginTest" name="loginOfProblemUserWithValidCredentials" time="0.272"/>
  <testcase classname="test.SwaglabsLoginTest" name="loginOfProblemUserWithValidUsernameAndInvalidPassword" time="0.229"/>
  <testcase classname="test.SwaglabsLoginTest" name="loginOfProblemUserWithInvalidUsernameAndValidPassword" time="0.229"/>
  <testcase classname="test.SwaglabsLoginTest" name="loginOfPerformanceGlitchUserWithValidCredentials" time="5.295"/>
  <testcase classname="test.SwaglabsLoginTest" name="loginOfPerformanceGlitchUserWithValidUsernameAndInvalidPassword" time="0.272"/>
  <testcase classname="test.SwaglabsLoginTest" name="loginOfPerformanceGlitchUserWithInvalidUsernameAndValidPassword" time="0.24"/>
  <testcase classname="test.ProductsPageTest" name="verifyDisplayOfProduct" time="0.001">
    <failure type="java.lang.NullPointerException" message="Cannot invoke &amp;quot;com.aventstack.extentreports.ExtentReports.createTest(String)&amp;quot; because &amp;quot;this.extent&amp;quot; is null">
      <![CDATA[java.lang.NullPointerException: Cannot invoke "com.aventstack.extentreports.ExtentReports.createTest(String)" because "this.extent" is null
at test.SwaglabsLoginTest.loginStandardUserWithValidCredentials(SwaglabsLoginTest.java:37)
at test.ProductsPageTest.verifyDisplayOfProduct(ProductsPageTest.java:37)
at java.base/java.util.ArrayList.forEach(ArrayList.java:1511)
... Removed 27 stack frames]]>
    </failure>
  </testcase> <!-- verifyDisplayOfProduct -->
  <testcase classname="test.ProductsPageTest" name="verifyProductNameLink" time="0.002">
    <failure type="java.lang.NullPointerException" message="Cannot invoke &amp;quot;com.aventstack.extentreports.ExtentReports.createTest(String)&amp;quot; because &amp;quot;this.extent&amp;quot; is null">
      <![CDATA[java.lang.NullPointerException: Cannot invoke "com.aventstack.extentreports.ExtentReports.createTest(String)" because "this.extent" is null
at test.SwaglabsLoginTest.loginStandardUserWithValidCredentials(SwaglabsLoginTest.java:37)
at test.ProductsPageTest.verifyProductNameLink(ProductsPageTest.java:47)
at java.base/java.util.ArrayList.forEach(ArrayList.java:1511)
... Removed 27 stack frames]]>
    </failure>
  </testcase> <!-- verifyProductNameLink -->
  <testcase classname="test.ProductsPageTest" name="verifyProductImageLink" time="0.002">
    <failure type="java.lang.NullPointerException" message="Cannot invoke &amp;quot;com.aventstack.extentreports.ExtentReports.createTest(String)&amp;quot; because &amp;quot;this.extent&amp;quot; is null">
      <![CDATA[java.lang.NullPointerException: Cannot invoke "com.aventstack.extentreports.ExtentReports.createTest(String)" because "this.extent" is null
at test.SwaglabsLoginTest.loginStandardUserWithValidCredentials(SwaglabsLoginTest.java:37)
at test.ProductsPageTest.verifyProductImageLink(ProductsPageTest.java:58)
at java.base/java.util.ArrayList.forEach(ArrayList.java:1511)
... Removed 27 stack frames]]>
    </failure>
  </testcase> <!-- verifyProductImageLink -->
  <testcase classname="test.ProductsPageTest" name="verifyFilterByNameAtoZ" time="0.002">
    <failure type="java.lang.NullPointerException" message="Cannot invoke &amp;quot;com.aventstack.extentreports.ExtentReports.createTest(String)&amp;quot; because &amp;quot;this.extent&amp;quot; is null">
      <![CDATA[java.lang.NullPointerException: Cannot invoke "com.aventstack.extentreports.ExtentReports.createTest(String)" because "this.extent" is null
at test.SwaglabsLoginTest.loginStandardUserWithValidCredentials(SwaglabsLoginTest.java:37)
at test.ProductsPageTest.verifyFilterByNameAtoZ(ProductsPageTest.java:69)
at java.base/java.util.ArrayList.forEach(ArrayList.java:1511)
... Removed 27 stack frames]]>
    </failure>
  </testcase> <!-- verifyFilterByNameAtoZ -->
  <testcase classname="test.ProductsPageTest" name="verifyFilterByNameZtoA" time="0.001">
    <failure type="java.lang.NullPointerException" message="Cannot invoke &amp;quot;com.aventstack.extentreports.ExtentReports.createTest(String)&amp;quot; because &amp;quot;this.extent&amp;quot; is null">
      <![CDATA[java.lang.NullPointerException: Cannot invoke "com.aventstack.extentreports.ExtentReports.createTest(String)" because "this.extent" is null
at test.SwaglabsLoginTest.loginStandardUserWithValidCredentials(SwaglabsLoginTest.java:37)
at test.ProductsPageTest.verifyFilterByNameZtoA(ProductsPageTest.java:80)
at java.base/java.util.ArrayList.forEach(ArrayList.java:1511)
... Removed 27 stack frames]]>
    </failure>
  </testcase> <!-- verifyFilterByNameZtoA -->
  <testcase classname="test.ProductsPageTest" name="verifyFilterByPriceLowToHigh" time="0.001">
    <failure type="java.lang.NullPointerException" message="Cannot invoke &amp;quot;com.aventstack.extentreports.ExtentReports.createTest(String)&amp;quot; because &amp;quot;this.extent&amp;quot; is null">
      <![CDATA[java.lang.NullPointerException: Cannot invoke "com.aventstack.extentreports.ExtentReports.createTest(String)" because "this.extent" is null
at test.SwaglabsLoginTest.loginStandardUserWithValidCredentials(SwaglabsLoginTest.java:37)
at test.ProductsPageTest.verifyFilterByPriceLowToHigh(ProductsPageTest.java:91)
at java.base/java.util.ArrayList.forEach(ArrayList.java:1511)
... Removed 27 stack frames]]>
    </failure>
  </testcase> <!-- verifyFilterByPriceLowToHigh -->
  <testcase classname="test.ProductsPageTest" name="verifyFilterByNamePriceHighToLow" time="0.001">
    <failure type="java.lang.NullPointerException" message="Cannot invoke &amp;quot;com.aventstack.extentreports.ExtentReports.createTest(String)&amp;quot; because &amp;quot;this.extent&amp;quot; is null">
      <![CDATA[java.lang.NullPointerException: Cannot invoke "com.aventstack.extentreports.ExtentReports.createTest(String)" because "this.extent" is null
at test.SwaglabsLoginTest.loginStandardUserWithValidCredentials(SwaglabsLoginTest.java:37)
at test.ProductsPageTest.verifyFilterByNamePriceHighToLow(ProductsPageTest.java:102)
at java.base/java.util.ArrayList.forEach(ArrayList.java:1511)
... Removed 27 stack frames]]>
    </failure>
  </testcase> <!-- verifyFilterByNamePriceHighToLow -->
</testsuite> <!-- Test -->
